<?xml version="1.0" encoding="UTF-8"?>
<testng-results skipped="0" failed="0" ignored="0" total="2" passed="2">
  <reporter-output>
  </reporter-output>
  <suite name="Default suite" duration-ms="4857" started-at="2019-03-23T17:49:07Z" finished-at="2019-03-23T17:49:11Z">
    <groups>
    </groups>
    <test name="Default test" duration-ms="4857" started-at="2019-03-23T17:49:07Z" finished-at="2019-03-23T17:49:11Z">
      <class name="com.qa.tests.GetAPITest">
        <test-method status="PASS" signature="setUp()[pri:0, instance:com.qa.tests.GetAPITest@18be83e4]" name="setUp" is-config="true" duration-ms="25" started-at="2019-03-23T17:49:07Z" finished-at="2019-03-23T17:49:07Z">
          <reporter-output>
          </reporter-output>
        </test-method> <!-- setUp -->
        <test-method status="PASS" signature="getAPITestWithoutHeaders()[pri:1, instance:com.qa.tests.GetAPITest@18be83e4]" name="getAPITestWithoutHeaders" duration-ms="3859" started-at="2019-03-23T17:49:07Z" finished-at="2019-03-23T17:49:11Z">
          <reporter-output>
          </reporter-output>
        </test-method> <!-- getAPITestWithoutHeaders -->
        <test-method status="PASS" signature="setUp()[pri:0, instance:com.qa.tests.GetAPITest@18be83e4]" name="setUp" is-config="true" duration-ms="2" started-at="2019-03-23T17:49:11Z" finished-at="2019-03-23T17:49:11Z">
          <reporter-output>
          </reporter-output>
        </test-method> <!-- setUp -->
        <test-method status="PASS" signature="getAPITestWithHeaders()[pri:2, instance:com.qa.tests.GetAPITest@18be83e4]" name="getAPITestWithHeaders" duration-ms="881" started-at="2019-03-23T17:49:11Z" finished-at="2019-03-23T17:49:11Z">
          <reporter-output>
          </reporter-output>
        </test-method> <!-- getAPITestWithHeaders -->
      </class> <!-- com.qa.tests.GetAPITest -->
    </test> <!-- Default test -->
  </suite> <!-- Default suite -->
</testng-results>
