<?xml version="1.0" encoding="UTF-8"?>
<testng-results skipped="0" failed="0" ignored="0" total="1" passed="1">
  <reporter-output>
  </reporter-output>
  <suite name="Default suite" duration-ms="8581" started-at="2019-02-21T17:34:55Z" finished-at="2019-02-21T17:35:04Z">
    <groups>
    </groups>
    <test name="Default test" duration-ms="8581" started-at="2019-02-21T17:34:55Z" finished-at="2019-02-21T17:35:04Z">
      <class name="com.qa.tests.PostAPITest">
        <test-method status="PASS" signature="setUp()[pri:0, instance:com.qa.tests.PostAPITest@5b275dab]" name="setUp" is-config="true" duration-ms="10" started-at="2019-02-21T17:34:55Z" finished-at="2019-02-21T17:34:55Z">
          <reporter-output>
          </reporter-output>
        </test-method> <!-- setUp -->
        <test-method status="PASS" signature="postAPITest()[pri:0, instance:com.qa.tests.PostAPITest@5b275dab]" name="postAPITest" duration-ms="8524" started-at="2019-02-21T17:34:55Z" finished-at="2019-02-21T17:35:04Z">
          <reporter-output>
          </reporter-output>
        </test-method> <!-- postAPITest -->
      </class> <!-- com.qa.tests.PostAPITest -->
    </test> <!-- Default test -->
  </suite> <!-- Default suite -->
</testng-results>
